make all --print-data-base --no-builtin-variables --no-builtin-rules --question
# GNU Make 4.3
# Built for x86_64-pc-linux-gnu
# Copyright (C) 1988-2020 Free Software Foundation, Inc.
# License GPLv3+: GNU GPL version 3 or later <http://gnu.org/licenses/gpl.html>
# This is free software: you are free to change and redistribute it.
# There is NO WARRANTY, to the extent permitted by law.

# Make data base, printed on Wed Aug 17 11:25:25 2022

# Variables

# environment
GDK_BACKEND = x11
# environment
LC_ALL = C
# environment
GNOME_SHELL_SESSION_MODE = ubuntu
# environment
SSH_AGENT_LAUNCHER = gnome-keyring
# environment
GJS_DEBUG_OUTPUT = stderr
# environment
LC_NAME = bn_BD
# environment
LC_NUMERIC = bn_BD
# environment
VSCODE_CWD = /home/shamit
# environment
NVM_DIR = /home/shamit/.nvm
# environment
LC_ADDRESS = bn_BD
# default
MAKE_COMMAND := make
# environment
QT_ACCESSIBILITY = 1
# automatic
@D = $(patsubst %/,%,$(dir $@))
# environment
VSCODE_HANDLES_UNCAUGHT_ERRORS = true
# default
.VARIABLES := 
# environment
PWD = /home/shamit/CodeFiles/yacc_lex/asmGeneratorC
# automatic
%D = $(patsubst %/,%,$(dir $%))
# environment
XDG_DATA_DIRS = /usr/share/ubuntu:/usr/local/share/:/usr/share/:/var/lib/snapd/desktop
# automatic
^D = $(patsubst %/,%,$(dir $^))
# automatic
%F = $(notdir $%)
# environment
NVM_INC = /home/shamit/.nvm/versions/node/v16.16.0/include/node
# environment
VSCODE_CODE_CACHE_PATH = /home/shamit/.config/Code/CachedData/6d9b74a70ca9c7733b29f0456fd8195364076dda
# environment
LANG = C
# environment
XAUTHORITY = /run/user/1000/.mutter-Xwaylandauth.O23PQ1
# default
.LOADED := 
# default
.INCLUDE_DIRS = /usr/local/include /usr/include /usr/include
# makefile
MAKEFLAGS = pqrR
# makefile (from 'makefile', line 1)
i = sampleInput/input.txt
# makefile
CURDIR := /home/shamit/CodeFiles/yacc_lex/asmGeneratorC
# environment
APPLICATION_INSIGHTS_NO_DIAGNOSTIC_CHANNEL = 1
# environment
LESSOPEN = | /usr/bin/lesspipe %s
# automatic
*D = $(patsubst %/,%,$(dir $*))
# environment
MFLAGS = -pqrR
# environment
SSH_AUTH_SOCK = /run/user/1000/keyring/ssh
# default
.SHELLFLAGS := -c
# environment
NVM_BIN = /home/shamit/.nvm/versions/node/v16.16.0/bin
# environment
WAYLAND_DISPLAY = wayland-0
# environment
XDG_CONFIG_DIRS = /etc/xdg/xdg-ubuntu:/etc/xdg
# automatic
+D = $(patsubst %/,%,$(dir $+))
# environment
XDG_SESSION_DESKTOP = ubuntu
# makefile (from 'makefile', line 1)
MAKEFILE_LIST := makefile
# automatic
@F = $(notdir $@)
# environment
VSCODE_PID = 4734
# environment
XDG_SESSION_TYPE = wayland
# automatic
?D = $(patsubst %/,%,$(dir $?))
# environment
SESSION_MANAGER = local/shamit-ZenBook-UX425EA-UX425EA:@/tmp/.ICE-unix/1992,unix/shamit-ZenBook-UX425EA-UX425EA:/tmp/.ICE-unix/1992
# automatic
*F = $(notdir $*)
# environment
CHROME_DESKTOP = code-url-handler.desktop
# environment
DBUS_SESSION_BUS_ADDRESS = unix:path=/run/user/1000/bus
# automatic
<D = $(patsubst %/,%,$(dir $<))
# environment
VSCODE_NLS_CONFIG = {"locale":"en-us","availableLanguages":{},"_languagePackSupport":true}
# default
MAKE_HOST := x86_64-pc-linux-gnu
# environment
GNOME_DESKTOP_SESSION_ID = this-is-deprecated
# makefile
SHELL = /bin/sh
# default
MAKECMDGOALS := all
# environment
XMODIFIERS = @im=ibus
# environment
GJS_DEBUG_TOPICS = JS ERROR;JS LOG
# environment
SHLVL = 0
# environment
MAKELEVEL := 0
# environment
IM_CONFIG_CHECK_ENV = 1
# default
MAKE = $(MAKE_COMMAND)
# environment
PATH = /home/shamit/.local/bin:/usr/local/texlive/2022/bin/x86_64-linux:/home/shamit/.nvm/versions/node/v16.16.0/bin:/home/shamit/.local/bin:/usr/local/sbin:/usr/local/bin:/usr/sbin:/usr/bin:/sbin:/bin:/usr/games:/usr/local/games:/snap/bin:/snap/bin
# default
MAKEFILES := 
# environment
LC_MONETARY = bn_BD
# automatic
^F = $(notdir $^)
# environment
LC_TIME = bn_BD
# environment
INVOCATION_ID = b79027486e6741f09f151d8b7c3e9363
# environment
USERNAME = shamit
# environment
GNOME_SETUP_DISPLAY = :1
# environment
LC_TELEPHONE = bn_BD
# environment
LESSCLOSE = /usr/bin/lesspipe %s %s
# automatic
?F = $(notdir $?)
# environment
XDG_CURRENT_DESKTOP = Unity
# environment
LS_COLORS = 
# automatic
+F = $(notdir $+)
# environment
DESKTOP_SESSION = ubuntu
# environment
ORIGINAL_XDG_CURRENT_DESKTOP = ubuntu:GNOME
# 'override' directive
GNUMAKEFLAGS := 
# environment
LOGNAME = shamit
# environment
GIO_LAUNCHED_DESKTOP_FILE = /usr/share/applications/code.desktop
# makefile
.DEFAULT_GOAL := create
# environment
SYSTEMD_EXEC_PID = 2020
# environment
DISPLAY = :0
# environment
USER = shamit
# environment
GTK_MODULES = gail:atk-bridge
# default
MAKE_VERSION := 4.3
# environment
MANAGERPID = 1810
# environment
LC_MEASUREMENT = bn_BD
# environment
GIO_LAUNCHED_DESKTOP_FILE_PID = 4734
# environment
_ = /usr/share/code/code
# environment
LC_PAPER = bn_BD
# environment
XDG_RUNTIME_DIR = /run/user/1000
# environment
NVM_CD_FLAGS = 
# environment
JOURNAL_STREAM = 8:33373
# environment
XDG_SESSION_CLASS = user
# environment
VSCODE_AMD_ENTRYPOINT = vs/workbench/api/node/extensionHostProcess
# environment
HOME = /home/shamit
# environment
QT_IM_MODULE = ibus
# environment
ELECTRON_RUN_AS_NODE = 1
# environment
VSCODE_IPC_HOOK = /run/user/1000/vscode-7a509f66-1.70.1-main.sock
# environment
IM_CONFIG_PHASE = 1
# default
.RECIPEPREFIX := 
# automatic
<F = $(notdir $<)
# default
SUFFIXES := 
# default
.FEATURES := target-specific order-only second-expansion else-if shortest-stem undefine oneshell nocomment grouped-target extra-prereqs archives jobserver output-sync check-symlink load
# environment
XDG_MENU_PREFIX = gnome-
# environment
GDMSESSION = ubuntu
# environment
LC_IDENTIFICATION = bn_BD
# variable set hash-table stats:
# Load=108/1024=11%, Rehash=0, Collisions=3/138=2%

# Pattern-specific Variable Values

# No pattern-specific variable values.

# Directories

# . (device 66307, inode 2494789): 16 files, no impossibilities.

# 16 files, no impossibilities in 1 directories.

# Implicit Rules

# No implicit rules.

# Files

compile:
#  Implicit rule search has not been done.
#  Modification time never checked.
#  File has not been updated.
#  recipe to execute (from 'makefile', line 28):
	@./compiler.out $(i)
	@echo "0"

# Not a target:
.DEFAULT:
#  Implicit rule search has not been done.
#  Modification time never checked.
#  File has not been updated.

# Not a target:
all:
#  Command line target.
#  Implicit rule search has been done.
#  File does not exist.
#  File has not been updated.

delete:
#  Implicit rule search has not been done.
#  Modification time never checked.
#  File has not been updated.
#  recipe to execute (from 'makefile', line 32):
	@rm *.out
	@echo "0"

# Not a target:
makefile:
#  Implicit rule search has been done.
#  Last modified 2022-08-15 21:42:18.319505725
#  File has been updated.
#  Successfully updated.

create:
#  Implicit rule search has not been done.
#  Modification time never checked.
#  File has not been updated.
#  recipe to execute (from 'makefile', line 3):
	@yacc -Wyacc -y -d -Wno-yacc -Wcounterexamples parser.y
	@echo "6"
	@g++ -w -c -o y.o y.tab.c
	@echo "5"
	@flex scanner.l
	@echo "4"
	@g++ -w -c -o l.o lex.yy.c
	@echo "3"
	@g++ -w -c -o a.o ScopeTableClass/SymbolInfo.cpp
	@g++ -w -c -o b.o ScopeTableClass/ScopeTable.cpp
	@g++ -w -c -o c.o ScopeTableClass/SymbolTable.cpp
	@echo "2"
	@g++ -o compiler.out y.o l.o a.o b.o c.o -lfl
	@rm *.o y.tab.c y.tab.h lex.yy.c
	@echo "1"
	@./compiler.out sampleInput/input.txt
	@echo "0"

# files hash-table stats:
# Load=7/1024=1%, Rehash=0, Collisions=0/17=0%
# VPATH Search Paths

# No 'vpath' search paths.

# No general ('VPATH' variable) search path.

# strcache buffers: 1 (0) / strings = 24 / storage = 224 B / avg = 9 B
# current buf: size = 8162 B / used = 224 B / count = 24 / avg = 9 B

# strcache performance: lookups = 31 / hit rate = 22%
# hash-table stats:
# Load=24/8192=0%, Rehash=0, Collisions=0/31=0%
# Finished Make data base on Wed Aug 17 11:25:25 2022

 
make: *** No rule to make target 'all'.  Stop.

